# JRE version: Java(TM) SE Runtime Environment (18.0.2+9) (build 18.0.2+9-61)
# Java VM: Java HotSpot(TM) 64-Bit Server VM (18.0.2+9-61, mixed mode, sharing, tiered, compressed oops, compressed class ptrs, g1 gc, windows-amd64)
GC Precious Log:
 CardTable entry size: 512
 Card Set container configuration: InlinePtr #cards 5 size 8 Array Of Cards #cards 12 size 40 Howl #buckets 4 coarsen threshold 1843 Howl Bitmap #cards 512 size 80 coarsen threshold 460 Card regions per heap region 1 cards per card region 2048
 CPUs: 4 total, 4 available
 Memory: 1861M
 Large Page Support: Disabled
 NUMA Support: Disabled
 Compressed Oops: Enabled (32-bit)
 Heap Region Size: 1M
 Heap Min Capacity: 8M
 Heap Initial Capacity: 30M
 Heap Max Capacity: 466M
 Pre-touch: Disabled
 Parallel Workers: 4
 Concurrent Workers: 1
 Concurrent Refinement Workers: 4
 Periodic GC: Disabled
Heap:
 garbage-first heap   total 37888K, used 23258K [0x00000000e2e00000, 0x0000000100000000)
  region size 1024K, 4 young (4096K), 2 survivors (2048K)
 Metaspace       used 44195K, committed 44608K, reserved 1114112K
  class space    used 5740K, committed 5952K, reserved 1048576K
GC Heap History (20 events):
Event: 13.634 GC heap before
{Heap before GC invocations=13 (full 0):
 garbage-first heap   total 30720K, used 24418K [0x00000000e2e00000, 0x0000000100000000)
  region size 1024K, 11 young (11264K), 2 survivors (2048K)
 Metaspace       used 26875K, committed 27264K, reserved 1114112K
  class space    used 3442K, committed 3584K, reserved 1048576K
}
Event: 13.641 GC heap after
{Heap after GC invocations=14 (full 0):
 garbage-first heap   total 30720K, used 16541K [0x00000000e2e00000, 0x0000000100000000)
  region size 1024K, 2 young (2048K), 2 survivors (2048K)
 Metaspace       used 26875K, committed 27264K, reserved 1114112K
  class space    used 3442K, committed 3584K, reserved 1048576K
}
Event: 13.953 GC heap before
{Heap before GC invocations=14 (full 0):
 garbage-first heap   total 30720K, used 23709K [0x00000000e2e00000, 0x0000000100000000)
  region size 1024K, 9 young (9216K), 2 survivors (2048K)
 Metaspace       used 28265K, committed 28672K, reserved 1114112K
  class space    used 3591K, committed 3776K, reserved 1048576K
}
Event: 13.957 GC heap after
{Heap after GC invocations=15 (full 0):
 garbage-first heap   total 30720K, used 17486K [0x00000000e2e00000, 0x0000000100000000)
  region size 1024K, 1 young (1024K), 1 survivors (1024K)
 Metaspace       used 28265K, committed 28672K, reserved 1114112K
  class space    used 3591K, committed 3776K, reserved 1048576K
}
Event: 14.296 GC heap before
{Heap before GC invocations=16 (full 0):
 garbage-first heap   total 32768K, used 23630K [0x00000000e2e00000, 0x0000000100000000)
  region size 1024K, 7 young (7168K), 1 survivors (1024K)
 Metaspace       used 29139K, committed 29440K, reserved 1114112K
  class space    used 3668K, committed 3776K, reserved 1048576K
}
Event: 14.299 GC heap after
{Heap after GC invocations=17 (full 0):
 garbage-first heap   total 32768K, used 18024K [0x00000000e2e00000, 0x0000000100000000)
  region size 1024K, 1 young (1024K), 1 survivors (1024K)
 Metaspace       used 29139K, committed 29440K, reserved 1114112K
  class space    used 3668K, committed 3776K, reserved 1048576K
}
Event: 14.661 GC heap before
{Heap before GC invocations=17 (full 0):
 garbage-first heap   total 32768K, used 25192K [0x00000000e2e00000, 0x0000000100000000)
  region size 1024K, 8 young (8192K), 1 survivors (1024K)
 Metaspace       used 30866K, committed 31232K, reserved 1114112K
  class space    used 3859K, committed 4032K, reserved 1048576K
}
Event: 14.664 GC heap after
{Heap after GC invocations=18 (full 0):
 garbage-first heap   total 32768K, used 18646K [0x00000000e2e00000, 0x0000000100000000)
  region size 1024K, 1 young (1024K), 1 survivors (1024K)
 Metaspace       used 30866K, committed 31232K, reserved 1114112K
  class space    used 3859K, committed 4032K, reserved 1048576K
}
Event: 14.854 GC heap before
{Heap before GC invocations=19 (full 0):
 garbage-first heap   total 35840K, used 23766K [0x00000000e2e00000, 0x0000000100000000)
  region size 1024K, 7 young (7168K), 1 survivors (1024K)
 Metaspace       used 32735K, committed 33088K, reserved 1114112K
  class space    used 4053K, committed 4224K, reserved 1048576K
}
Event: 14.856 GC heap after
{Heap after GC invocations=20 (full 0):
 garbage-first heap   total 35840K, used 19450K [0x00000000e2e00000, 0x0000000100000000)
  region size 1024K, 1 young (1024K), 1 survivors (1024K)
 Metaspace       used 32735K, committed 33088K, reserved 1114112K
  class space    used 4053K, committed 4224K, reserved 1048576K
}
Event: 15.212 GC heap before
{Heap before GC invocations=20 (full 0):
 garbage-first heap   total 35840K, used 27642K [0x00000000e2e00000, 0x0000000100000000)
  region size 1024K, 9 young (9216K), 1 survivors (1024K)
 Metaspace       used 34353K, committed 34688K, reserved 1114112K
  class space    used 4259K, committed 4416K, reserved 1048576K
}
Event: 15.217 GC heap after
{Heap after GC invocations=21 (full 0):
 garbage-first heap   total 35840K, used 19884K [0x00000000e2e00000, 0x0000000100000000)
  region size 1024K, 2 young (2048K), 2 survivors (2048K)
 Metaspace       used 34353K, committed 34688K, reserved 1114112K
  class space    used 4259K, committed 4416K, reserved 1048576K
}
Event: 15.718 GC heap before
{Heap before GC invocations=22 (full 0):
 garbage-first heap   total 37888K, used 28076K [0x00000000e2e00000, 0x0000000100000000)
  region size 1024K, 10 young (10240K), 2 survivors (2048K)
 Metaspace       used 36469K, committed 36864K, reserved 1114112K
  class space    used 4534K, committed 4736K, reserved 1048576K
}
Event: 15.722 GC heap after
{Heap after GC invocations=23 (full 0):
 garbage-first heap   total 37888K, used 20434K [0x00000000e2e00000, 0x0000000100000000)
  region size 1024K, 1 young (1024K), 1 survivors (1024K)
 Metaspace       used 36469K, committed 36864K, reserved 1114112K
  class space    used 4534K, committed 4736K, reserved 1048576K
}
Event: 16.559 GC heap before
{Heap before GC invocations=23 (full 0):
 garbage-first heap   total 37888K, used 29650K [0x00000000e2e00000, 0x0000000100000000)
  region size 1024K, 10 young (10240K), 1 survivors (1024K)
 Metaspace       used 39017K, committed 39360K, reserved 1114112K
  class space    used 4876K, committed 5056K, reserved 1048576K
}
Event: 16.563 GC heap after
{Heap after GC invocations=24 (full 0):
 garbage-first heap   total 37888K, used 20879K [0x00000000e2e00000, 0x0000000100000000)
  region size 1024K, 2 young (2048K), 2 survivors (2048K)
 Metaspace       used 39017K, committed 39360K, reserved 1114112K
  class space    used 4876K, committed 5056K, reserved 1048576K
}
Event: 17.153 GC heap before
{Heap before GC invocations=25 (full 0):
 garbage-first heap   total 37888K, used 29071K [0x00000000e2e00000, 0x0000000100000000)
  region size 1024K, 11 young (11264K), 2 survivors (2048K)
 Metaspace       used 41610K, committed 41984K, reserved 1114112K
  class space    used 5377K, committed 5568K, reserved 1048576K
}
Event: 17.158 GC heap after
{Heap after GC invocations=26 (full 0):
 garbage-first heap   total 37888K, used 21548K [0x00000000e2e00000, 0x0000000100000000)
  region size 1024K, 2 young (2048K), 2 survivors (2048K)
 Metaspace       used 41610K, committed 41984K, reserved 1114112K
  class space    used 5377K, committed 5568K, reserved 1048576K
}
Event: 17.742 GC heap before
{Heap before GC invocations=26 (full 0):
 garbage-first heap   total 37888K, used 29740K [0x00000000e2e00000, 0x0000000100000000)
  region size 1024K, 10 young (10240K), 2 survivors (2048K)
 Metaspace       used 43888K, committed 44288K, reserved 1114112K
  class space    used 5710K, committed 5888K, reserved 1048576K
}
Event: 17.746 GC heap after
{Heap after GC invocations=27 (full 0):
 garbage-first heap   total 37888K, used 22234K [0x00000000e2e00000, 0x0000000100000000)
  region size 1024K, 2 young (2048K), 2 survivors (2048K)
 Metaspace       used 43888K, committed 44288K, reserved 1114112K
  class space    used 5710K, committed 5888K, reserved 1048576K
}

